<?xml version="1.0" encoding="UTF-8"?>
<!-- Generated by org.testng.reporters.JUnitXMLReporter -->
<testsuite hostname="laxl89668m" name="Test1" tests="1" failures="1" timestamp="9 Sep 2014 05:01:29 GMT" time="10535.157" errors="0">
  <testcase name="googlesearch" time="10535.136" classname="com.discovery.content.AddSeason">
    <failure type="org.openqa.selenium.StaleElementReferenceException" message="Element not found in the cache - perhaps the page has changed since it was looked up
Command duration or timeout: 20.08 seconds
For documentation on this error, please visit: http://seleniumhq.org/exceptions/stale_element_reference.html
Build info: version: &amp;apos;2.42.2&amp;apos;, revision: &amp;apos;6a6995d&amp;apos;, time: &amp;apos;2014-06-03 17:42:30&amp;apos;
System info: host: &amp;apos;laxl89668m&amp;apos;, ip: &amp;apos;127.0.0.1&amp;apos;, os.name: &amp;apos;Mac OS X&amp;apos;, os.arch: &amp;apos;x86_64&amp;apos;, os.version: &amp;apos;10.8.5&amp;apos;, java.version: &amp;apos;1.7.0_55&amp;apos;
Session ID: ecb1f108-0324-7e4d-a15d-8f534affa906
Driver info: org.openqa.selenium.firefox.FirefoxDriver
Capabilities [{platform=MAC, databaseEnabled=true, cssSelectorsEnabled=true, javascriptEnabled=true, acceptSslCerts=true, handlesAlerts=true, browserName=firefox, webStorageEnabled=true, nativeEvents=false, rotatable=false, locationContextEnabled=true, applicationCacheEnabled=true, takesScreenshot=true, version=31.0}]">
      <![CDATA[org.openqa.selenium.StaleElementReferenceException: Element not found in the cache - perhaps the page has changed since it was looked up
Command duration or timeout: 20.08 seconds
For documentation on this error, please visit: http://seleniumhq.org/exceptions/stale_element_reference.html
Build info: version: '2.42.2', revision: '6a6995d', time: '2014-06-03 17:42:30'
System info: host: 'laxl89668m', ip: '127.0.0.1', os.name: 'Mac OS X', os.arch: 'x86_64', os.version: '10.8.5', java.version: '1.7.0_55'
Session ID: ecb1f108-0324-7e4d-a15d-8f534affa906
Driver info: org.openqa.selenium.firefox.FirefoxDriver
Capabilities [{platform=MAC, databaseEnabled=true, cssSelectorsEnabled=true, javascriptEnabled=true, acceptSslCerts=true, handlesAlerts=true, browserName=firefox, webStorageEnabled=true, nativeEvents=false, rotatable=false, locationContextEnabled=true, applicationCacheEnabled=true, takesScreenshot=true, version=31.0}]
	at org.openqa.selenium.remote.ErrorHandler.createThrowable(ErrorHandler.java:204)
	at org.openqa.selenium.remote.ErrorHandler.throwIfResponseFailed(ErrorHandler.java:156)
	at org.openqa.selenium.remote.RemoteWebDriver.execute(RemoteWebDriver.java:599)
	at org.openqa.selenium.remote.RemoteWebElement.execute(RemoteWebElement.java:268)
	at org.openqa.selenium.remote.RemoteWebElement.getText(RemoteWebElement.java:152)
	at com.discovery.content.AddSeason.IAddSeasonForEachShow(AddSeason.java:104)
	at com.discovery.content.AddSeason.googlesearch(AddSeason.java:54)
Caused by: org.openqa.selenium.remote.ErrorHandler$UnknownServerException: Element not found in the cache - perhaps the page has changed since it was looked up
Build info: version: '2.42.2', revision: '6a6995d', time: '2014-06-03 17:42:30'
System info: host: 'laxl89668m', ip: '127.0.0.1', os.name: 'Mac OS X', os.arch: 'x86_64', os.version: '10.8.5', java.version: '1.7.0_55'
Driver info: driver.version: unknown
	at <anonymous class>.fxdriver.cache.getElementAt(resource://fxdriver/modules/web_element_cache.js:8180:5)
	at <anonymous class>.Utils.getElementAt(file:///var/folders/5s/9v6yk8nd1wn6yps0zczr2yprq57cvt/T/anonymous7041784542583675290webdriver-profile/extensions/fxdriver@googlecode.com/components/command_processor.js:7783:3)
	at <anonymous class>.WebElement.getElementText(file:///var/folders/5s/9v6yk8nd1wn6yps0zczr2yprq57cvt/T/anonymous7041784542583675290webdriver-profile/extensions/fxdriver@googlecode.com/components/command_processor.js:10893:7)
	at <anonymous class>.DelayedCommand.prototype.executeInternal_/h(file:///var/folders/5s/9v6yk8nd1wn6yps0zczr2yprq57cvt/T/anonymous7041784542583675290webdriver-profile/extensions/fxdriver@googlecode.com/components/command_processor.js:11455:16)
	at <anonymous class>.fxdriver.Timer.prototype.setTimeout/<.notify(file:///var/folders/5s/9v6yk8nd1wn6yps0zczr2yprq57cvt/T/anonymous7041784542583675290webdriver-profile/extensions/fxdriver@googlecode.com/components/command_processor.js:407:5)
... Removed 28 stack frames]]>
    </failure>
  </testcase> <!-- googlesearch -->
</testsuite> <!-- Test1 -->
